#
# There is insufficient memory for the Java Runtime Environment to continue.
# Native memory allocation (malloc) failed to allocate 1048576 bytes for AllocateHeap
# Possible reasons:
#   The system is out of physical RAM or swap space
#   The process is running with CompressedOops enabled, and the Java Heap may be blocking the growth of the native heap
# Possible solutions:
#   Reduce memory load on the system
#   Increase physical memory or swap space
#   Check if swap backing store is full
#   Decrease Java heap size (-Xmx/-Xms)
#   Decrease number of Java threads
#   Decrease Java thread stack sizes (-Xss)
#   Set larger code cache with -XX:ReservedCodeCacheSize=
#   JVM is running with Unscaled Compressed Oops mode in which the Java heap is
#     placed in the first 4GB address space. The Java Heap base address is the
#     maximum limit for the native heap growth. Please use -XX:HeapBaseMinAddress
#     to set the Java Heap base and to place the Java Heap above 4GB virtual address.
# This output file may be truncated or incomplete.
#
#  Out of Memory Error (memory/allocation.inline.hpp:61), pid=5288, tid=0x0000000000001f98
#
# JRE version:  (8.0_202-b03) (build )
# Java VM: OpenJDK 64-Bit Server VM (25.202-b03 mixed mode windows-amd64 compressed oops)
# Failed to write core dump. Minidumps are not enabled by default on client versions of Windows
#

---------------  T H R E A D  ---------------

Current thread (0x000000000306e000):  JavaThread "Unknown thread" [_thread_in_vm, id=8088, stack(0x00000000030e0000,0x00000000031e0000)]

Stack: [0x00000000030e0000,0x00000000031e0000]
[error occurred during error reporting (printing stack bounds), id 0xc0000005]

Native frames: (J=compiled Java code, j=interpreted, Vv=VM code, C=native code)


---------------  P R O C E S S  ---------------

Java Threads: ( => current thread )

Other Threads:

=>0x000000000306e000 (exited) JavaThread "Unknown thread" [_thread_in_vm, id=8088, stack(0x00000000030e0000,0x00000000031e0000)]

VM state:not at safepoint (normal execution)

VM Mutex/Monitor currently owned by a thread: None

heap address: 0x0000000088600000, size: 1914 MB, Compressed Oops mode: 32-bit
Narrow klass base: 0x0000000000000000, Narrow klass shift: 3
Compressed class space size: 1073741824 Address: 0x0000000100000000

Heap:
 PSYoungGen      total 35840K, used 614K [0x00000000d8200000, 0x00000000daa00000, 0x0000000100000000)
  eden space 30720K, 2% used [0x00000000d8200000,0x00000000d82999a8,0x00000000da000000)
  from space 5120K, 0% used [0x00000000da500000,0x00000000da500000,0x00000000daa00000)
  to   space 5120K, 0% used [0x00000000da000000,0x00000000da000000,0x00000000da500000)
 ParOldGen       total 81920K, used 0K [0x0000000088600000, 0x000000008d600000, 0x00000000d8200000)
  object space 81920K, 0% used [0x0000000088600000,0x0000000088600000,0x000000008d600000)
 Metaspace       used 778K, capacity 4480K, committed 4480K, reserved 1056768K
  class space    used 74K, capacity 384K, committed 384K, reserved 1048576K

Card table byte_map: [0x00000000126a0000,0x0000000012a60000] byte_map_base: 0x000000001225d000

Marking Bits: (ParMarkBitMap*) 0x000000006f3d9f30
 Begin Bits: [0x00000000130e0000, 0x0000000014ec8000)
 End Bits:   [0x0000000014ec8000, 0x0000000016cb0000)

Polling page: 0x0000000003050000

CodeCache: size=245760Kb used=327Kb max_used=327Kb free=245432Kb
 bounds [0x00000000032e0000, 0x0000000003550000, 0x00000000122e0000]
 total_blobs=56 nmethods=0 adapters=38
 compilation: enabled

Compilation events (0 events):
No events

GC Heap History (0 events):
No events

Deoptimization events (0 events):
No events

Classes redefined (0 events):
No events

Internal exceptions (0 events):
No events

Events (10 events):
Event: 0.050 loading class java/lang/Short
Event: 0.050 loading class java/lang/Short done
Event: 0.050 loading class java/lang/Integer
Event: 0.050 loading class java/lang/Integer done
Event: 0.050 loading class java/lang/Long
Event: 0.051 loading class java/lang/Long done
Event: 0.052 loading class java/lang/NullPointerException
Event: 0.052 loading class java/lang/NullPointerException done
Event: 0.052 loading class java/lang/ArithmeticException
Event: 0.052 loading class java/lang/ArithmeticException done


Dynamic libraries:
0x00007ff673ac0000 - 0x00007ff673af1000 	D:\Android\Android Studio\jre\jre\bin\java.exe
0x00007ff98eab0000 - 0x00007ff98ec9d000 	C:\Windows\SYSTEM32\ntdll.dll
0x00007ff98e460000 - 0x00007ff98e513000 	C:\Windows\System32\KERNEL32.DLL
0x00007ff98b8f0000 - 0x00007ff98bb83000 	C:\Windows\System32\KERNELBASE.dll
0x00007ff98e3b0000 - 0x00007ff98e453000 	C:\Windows\System32\ADVAPI32.dll
0x00007ff98e0d0000 - 0x00007ff98e16e000 	C:\Windows\System32\msvcrt.dll
0x00007ff98dc50000 - 0x00007ff98dcee000 	C:\Windows\System32\sechost.dll
0x00007ff98dcf0000 - 0x00007ff98de12000 	C:\Windows\System32\RPCRT4.dll
0x00007ff98e5b0000 - 0x00007ff98e747000 	C:\Windows\System32\USER32.dll
0x00007ff98b850000 - 0x00007ff98b870000 	C:\Windows\System32\win32u.dll
0x00007ff98bd10000 - 0x00007ff98bd39000 	C:\Windows\System32\GDI32.dll
0x00007ff98b5b0000 - 0x00007ff98b74a000 	C:\Windows\System32\gdi32full.dll
0x00007ff98bc40000 - 0x00007ff98bce0000 	C:\Windows\System32\msvcp_win.dll
0x00007ff98b750000 - 0x00007ff98b84c000 	C:\Windows\System32\ucrtbase.dll
0x00007ff97d8b0000 - 0x00007ff97db29000 	C:\Windows\WinSxS\amd64_microsoft.windows.common-controls_6595b64144ccf1df_6.0.17763.292_none_05b137b40722e6bb\COMCTL32.dll
0x00007ff98e750000 - 0x00007ff98ea7d000 	C:\Windows\System32\combase.dll
0x00007ff98b870000 - 0x00007ff98b8ee000 	C:\Windows\System32\bcryptPrimitives.dll
0x00007ff98bce0000 - 0x00007ff98bd0e000 	C:\Windows\System32\IMM32.DLL
0x000000006ea50000 - 0x000000006eb22000 	D:\Android\Android Studio\jre\jre\bin\msvcr100.dll
0x000000006ec10000 - 0x000000006f456000 	D:\Android\Android Studio\jre\jre\bin\server\jvm.dll
0x00007ff98e520000 - 0x00007ff98e528000 	C:\Windows\System32\PSAPI.DLL
0x00007ff985ed0000 - 0x00007ff985eda000 	C:\Windows\SYSTEM32\VERSION.dll
0x00007ff987960000 - 0x00007ff987984000 	C:\Windows\SYSTEM32\WINMM.dll
0x00007ff9877d0000 - 0x00007ff9877d9000 	C:\Windows\SYSTEM32\WSOCK32.dll
0x00007ff98d310000 - 0x00007ff98d37d000 	C:\Windows\System32\WS2_32.dll
0x00007ff987930000 - 0x00007ff98795d000 	C:\Windows\SYSTEM32\winmmbase.dll
0x00007ff98b560000 - 0x00007ff98b5aa000 	C:\Windows\System32\cfgmgr32.dll
0x00007ff987470000 - 0x00007ff98747f000 	D:\Android\Android Studio\jre\jre\bin\verify.dll
0x00007ff980200000 - 0x00007ff980229000 	D:\Android\Android Studio\jre\jre\bin\java.dll
0x00007ff9801e0000 - 0x00007ff9801f6000 	D:\Android\Android Studio\jre\jre\bin\zip.dll

VM Arguments:
java_command: org.jetbrains.git4idea.http.GitAskPassApp Username for 'https://github.com': 
java_class_path (initial): D:/Android/Android Studio/plugins/git4idea/lib/git4idea-rt.jar;D:/Android/Android Studio/lib/xmlrpc-2.0.1.jar;D:/Android/Android Studio/lib/commons-codec-1.10.jar;D:/Android/Android Studio/lib/util.jar
Launcher Type: SUN_STANDARD

Environment Variables:
PATH=D:/Git/mingw64/libexec/git-core;D:/Git/mingw64/libexec/git-core;D:\Git\mingw64\bin;D:\Git\usr\bin;C:\Users\Tatyana\bin;C:\Program Files (x86)\Common Files\Oracle\Java\javapath;C:\Windows\system32;C:\Windows;C:\Windows\System32\Wbem;C:\Windows\System32\WindowsPowerShell\v1.0\;C:\Windows\System32\OpenSSH\;C:\Program Files (x86)\ATI Technologies\ATI.ACE\Core-Static;C:\Program Files (x86)\NVIDIA Corporation\PhysX\Common;D:\Program Files\Git\cmd;C:\Users\Tatyana\AppData\Local\Programs\Python\Python37\Scripts\;C:\Users\Tatyana\AppData\Local\Programs\Python\Python37\;C:\Users\Tatyana\AppData\Local\Microsoft\WindowsApps;;D:\IntelliJ IDEA Community Edition 2019.3.1\bin;;D:\PyCharm Community Edition 2019.3.1\bin;
USERNAME=Tatyana
DISPLAY=:0.0
OS=Windows_NT
PROCESSOR_IDENTIFIER=AMD64 Family 21 Model 16 Stepping 1, AuthenticAMD



---------------  S Y S T E M  ---------------

OS: Windows 10.0 , 64 bit Build 17763 (10.0.17763.292)

CPU:total 4 (initial active 4) (4 cores per cpu, 1 threads per core) family 21 model 16 stepping 1, cmov, cx8, fxsr, mmx, sse, sse2, sse3, ssse3, sse4.1, sse4.2, popcnt, avx, aes, clmul, mmxext, 3dnowpref, lzcnt, sse4a, tsc, tscinvbit, tscinv, bmi1

Memory: 4k page, physical 7838068k(1987328k free), swap 8657268k(5664k free)

vm_info: OpenJDK 64-Bit Server VM (25.202-b03) for windows-amd64 JRE (1.8.0_202-release-1483-b03), built by "builder" with MS VC++ 10.0 (VS2010)

time: Sat Feb 08 23:50:44 2020
timezone: RTZ 2 (зима)
elapsed time: 0 seconds (0d 0h 0m 0s)

